<<<<<<< HEAD
[1031/175327.850:ERROR:directory_reader_win.cc(43)] FindFirstFile: 系统锟揭诧拷锟斤拷指锟斤拷锟斤拷路锟斤拷锟斤拷 (0x3)
[1103/124230.437:ERROR:directory_reader_win.cc(43)] FindFirstFile: 系统锟揭诧拷锟斤拷指锟斤拷锟斤拷路锟斤拷锟斤拷 (0x3)
[1103/131708.432:ERROR:directory_reader_win.cc(43)] FindFirstFile: 系统锟揭诧拷锟斤拷指锟斤拷锟斤拷路锟斤拷锟斤拷 (0x3)
[1103/142140.074:ERROR:directory_reader_win.cc(43)] FindFirstFile: 系统锟揭诧拷锟斤拷指锟斤拷锟斤拷路锟斤拷锟斤拷 (0x3)
[1103/152300.966:ERROR:directory_reader_win.cc(43)] FindFirstFile: 系统锟揭诧拷锟斤拷指锟斤拷锟斤拷路锟斤拷锟斤拷 (0x3)
[1117/094858.153:ERROR:directory_reader_win.cc(43)] FindFirstFile: 系统锟揭诧拷锟斤拷指锟斤拷锟斤拷路锟斤拷锟斤拷 (0x3)
[1126/122242.666:ERROR:directory_reader_win.cc(43)] FindFirstFile: 系统锟揭诧拷锟斤拷指锟斤拷锟斤拷路锟斤拷锟斤拷 (0x3)
=======
[1031/175327.850:ERROR:directory_reader_win.cc(43)] FindFirstFile: 系统找不到指定的路径。 (0x3)
[1103/124230.437:ERROR:directory_reader_win.cc(43)] FindFirstFile: 系统找不到指定的路径。 (0x3)
[1103/131708.432:ERROR:directory_reader_win.cc(43)] FindFirstFile: 系统找不到指定的路径。 (0x3)
[1103/142140.074:ERROR:directory_reader_win.cc(43)] FindFirstFile: 系统找不到指定的路径。 (0x3)
[1103/152300.966:ERROR:directory_reader_win.cc(43)] FindFirstFile: 系统找不到指定的路径。 (0x3)
[1117/094858.153:ERROR:directory_reader_win.cc(43)] FindFirstFile: 系统找不到指定的路径。 (0x3)
[1126/122242.666:ERROR:directory_reader_win.cc(43)] FindFirstFile: 系统找不到指定的路径。 (0x3)
[1206/153422.226:ERROR:directory_reader_win.cc(43)] FindFirstFile: 系统找不到指定的路径。 (0x3)
>>>>>>> develop
[1206/161033.353:ERROR:directory_reader_win.cc(43)] FindFirstFile: 系统找不到指定的路径。 (0x3)
[1206/180321.744:ERROR:directory_reader_win.cc(43)] FindFirstFile: 系统找不到指定的路径。 (0x3)
[1207/113746.850:ERROR:directory_reader_win.cc(43)] FindFirstFile: 系统找不到指定的路径。 (0x3)
[1207/123230.980:ERROR:directory_reader_win.cc(43)] FindFirstFile: 系统找不到指定的路径。 (0x3)
[1207/201027.399:ERROR:directory_reader_win.cc(43)] FindFirstFile: 系统找不到指定的路径。 (0x3)
[1207/201059.340:ERROR:directory_reader_win.cc(43)] FindFirstFile: 系统找不到指定的路径。 (0x3)
[1207/203013.305:ERROR:directory_reader_win.cc(43)] FindFirstFile: 系统找不到指定的路径。 (0x3)
[1207/205005.499:ERROR:directory_reader_win.cc(43)] FindFirstFile: 系统找不到指定的路径。 (0x3)
[1207/211353.655:ERROR:directory_reader_win.cc(43)] FindFirstFile: 系统找不到指定的路径。 (0x3)
[1208/154426.712:ERROR:directory_reader_win.cc(43)] FindFirstFile: 系统找不到指定的路径。 (0x3)
